TN:
SF:app.js
FN:6,readJSON
FN:10,writeJSON
FN:15,getNextId
FN:19,asText
FN:31,asInteger
FN:38,asTextArray
FN:44,asImageArray
FN:54,sanitizeSeller
FN:63,sanitizeVehicleInput
FN:90,applyListingFilters
FN:116,createApp
FNF:11
FNH:11
FNDA:53,readJSON
FNDA:12,writeJSON
FNDA:16,getNextId
FNDA:144,asText
FNDA:40,asInteger
FNDA:10,asTextArray
FNDA:9,asImageArray
FNDA:7,sanitizeSeller
FNDA:16,sanitizeVehicleInput
FNDA:15,applyListingFilters
FNDA:1,createApp
DA:1,1
DA:2,1
DA:3,1
DA:4,1
DA:5,1
DA:6,53
DA:7,53
DA:8,53
DA:9,1
DA:10,12
DA:11,12
DA:12,12
DA:13,1
DA:14,1
DA:15,16
DA:16,16
DA:17,16
DA:18,1
DA:19,144
DA:20,144
DA:21,144
DA:22,27
DA:23,26
DA:24,26
DA:25,144
DA:26,116
DA:27,144
DA:28,115
DA:29,144
DA:30,1
DA:31,40
DA:32,40
DA:33,40
DA:34,40
DA:35,38
DA:36,40
DA:37,1
DA:38,10
DA:39,10
DA:40,10
DA:41,6
DA:42,10
DA:43,1
DA:44,9
DA:45,9
DA:46,9
DA:47,7
DA:48,9
DA:49,1
DA:50,1
DA:51,9
DA:52,9
DA:53,1
DA:54,7
DA:55,7
DA:56,6
DA:57,6
DA:58,6
DA:59,6
DA:60,6
DA:61,7
DA:62,1
DA:63,16
DA:64,16
DA:65,16
DA:66,16
DA:67,16
DA:68,16
DA:69,16
DA:70,16
DA:71,16
DA:72,16
DA:73,16
DA:74,16
DA:75,16
DA:76,16
DA:77,16
DA:78,16
DA:79,16
DA:80,16
DA:81,16
DA:82,16
DA:83,16
DA:84,16
DA:85,16
DA:86,16
DA:87,16
DA:88,16
DA:89,1
DA:90,15
DA:91,15
DA:92,15
DA:93,15
DA:94,15
DA:95,15
DA:96,15
DA:97,15
DA:98,15
DA:99,15
DA:100,15
DA:101,15
DA:102,15
DA:103,15
DA:104,1
DA:105,1
DA:106,20
DA:107,20
DA:108,20
DA:109,19
DA:110,1
DA:111,1
DA:112,15
DA:113,15
DA:114,15
DA:115,1
DA:116,1
DA:117,1
DA:118,1
DA:119,1
DA:120,1
DA:121,1
DA:122,1
DA:123,1
DA:124,1
DA:125,1
DA:126,1
DA:127,1
DA:128,1
DA:129,1
DA:130,11
DA:131,1
DA:132,1
DA:133,1
DA:134,2
DA:135,2
DA:136,2
DA:137,1
DA:138,1
DA:139,1
DA:140,1
DA:141,12
DA:142,12
DA:143,12
DA:144,12
DA:145,12
DA:146,12
DA:147,12
DA:148,12
DA:149,12
DA:150,12
DA:151,12
DA:152,12
DA:153,12
DA:154,9
DA:155,9
DA:156,1
DA:157,1
DA:158,1
DA:159,3
DA:160,3
DA:161,3
DA:162,1
DA:163,3
DA:164,1
DA:165,1
DA:166,1
DA:167,1
DA:168,1
DA:169,1
DA:170,1
DA:171,1
DA:172,1
DA:173,1
DA:174,1
DA:175,4
DA:176,1
DA:177,1
DA:178,1
DA:179,2
DA:180,2
DA:181,2
DA:182,1
DA:183,1
DA:184,1
DA:185,1
DA:186,4
DA:187,4
DA:188,4
DA:189,4
DA:190,4
DA:191,4
DA:192,4
DA:193,4
DA:194,4
DA:195,4
DA:196,4
DA:197,4
DA:198,4
DA:199,1
DA:200,1
DA:201,1
DA:202,1
DA:203,1
DA:204,1
DA:205,1
DA:206,1
LF:206
LH:206
BRDA:1,0,0,1
BRDA:6,1,0,53
BRDA:10,2,0,12
BRDA:15,3,0,16
BRDA:16,4,0,14
BRDA:16,5,0,2
BRDA:16,6,0,272
BRDA:19,7,0,144
BRDA:21,8,0,117
BRDA:21,9,0,117
BRDA:21,10,0,27
BRDA:22,11,0,1
BRDA:23,12,0,26
BRDA:25,13,0,117
BRDA:25,14,0,1
BRDA:26,15,0,116
BRDA:27,16,0,49
BRDA:27,17,0,1
BRDA:28,18,0,115
BRDA:31,19,0,40
BRDA:33,20,0,1
BRDA:34,21,0,39
BRDA:34,22,0,38
BRDA:34,23,0,1
BRDA:35,24,0,38
BRDA:38,25,0,10
BRDA:39,26,0,3
BRDA:40,27,0,7
BRDA:40,28,0,1
BRDA:41,29,0,6
BRDA:44,30,0,9
BRDA:45,31,0,1
BRDA:46,32,0,8
BRDA:46,33,0,1
BRDA:47,34,0,7
BRDA:48,35,0,1
BRDA:51,36,0,6
BRDA:51,37,0,5
BRDA:51,38,0,1
BRDA:47,39,0,6
BRDA:48,40,0,6
BRDA:54,41,0,7
BRDA:55,42,0,6
BRDA:55,43,0,6
BRDA:55,44,0,1
BRDA:56,45,0,6
BRDA:63,46,0,16
BRDA:64,47,0,1
BRDA:65,48,0,15
BRDA:65,49,0,4
BRDA:65,50,0,11
BRDA:66,51,0,4
BRDA:66,52,0,11
BRDA:79,53,0,3
BRDA:79,54,0,7
BRDA:90,55,0,15
BRDA:94,56,0,3
BRDA:95,57,0,1
BRDA:96,58,0,3
BRDA:97,59,0,1
BRDA:98,60,0,1
BRDA:99,61,0,1
BRDA:100,62,0,1
BRDA:101,63,0,1
BRDA:102,64,0,1
BRDA:103,65,0,1
BRDA:94,66,0,50
BRDA:95,67,0,20
BRDA:96,68,0,35
BRDA:97,69,0,20
BRDA:98,70,0,9
BRDA:99,71,0,20
BRDA:100,72,0,18
BRDA:101,73,0,20
BRDA:102,74,0,20
BRDA:105,75,0,20
BRDA:107,76,0,19
BRDA:108,77,0,19
BRDA:113,78,0,203
BRDA:113,79,0,36
BRDA:113,80,0,167
BRDA:113,81,0,60
BRDA:113,82,0,143
BRDA:116,83,0,1
BRDA:121,84,0,1
BRDA:125,85,0,1
BRDA:129,86,0,11
BRDA:133,87,0,2
BRDA:136,88,0,1
BRDA:135,89,0,21
BRDA:140,90,0,12
BRDA:153,91,0,9
BRDA:158,92,0,3
BRDA:161,93,0,1
BRDA:163,94,0,2
BRDA:163,95,0,1
BRDA:162,96,0,16
BRDA:162,97,0,12
BRDA:164,98,0,16
BRDA:164,99,0,6
BRDA:170,100,0,1
BRDA:174,101,0,4
BRDA:178,102,0,2
BRDA:181,103,0,1
BRDA:180,104,0,11
BRDA:185,105,0,4
BRDA:198,106,0,1
BRF:107
BRH:107
end_of_record
